<?xml version="1.0" encoding="UTF-8"?>
<!-- Generated by org.testng.reporters.JUnitXMLReporter -->
<testsuite ignored="0" hostname="Tripuranjali" failures="0" tests="4" name="Test" time="80.427" errors="0" timestamp="2024-06-22T14:23:52 IST">
  <testcase classname="com.OrangeHRM.TestCases.TC_01" name="LoginTestVerification" time="9.358"/>
  <testcase classname="com.OrangeHRM.TestCases.TC_02" name="HandlingWebTable" time="22.476"/>
  <testcase classname="com.OrangeHRM.TestCases.TC_03" name="HandlingBootstrapdropdown" time="30.644"/>
  <testcase classname="com.OrangeHRM.TestCases.TC_04" name="Handlingdatepicker" time="11.735"/>
</testsuite> <!-- Test -->
